{"C:\\Users\\dvdpi\\Desktop\\ArchiOWeb\\projet-rest-api\\tricks-spotter-api\\app.js": {"path":"C:\\Users\\dvdpi\\Desktop\\ArchiOWeb\\projet-rest-api\\tricks-spotter-api\\app.js","statementMap":{"0":{"start":{"line":13,"column":0},"end":{"line":13,"column":93}},"1":{"start":{"line":15,"column":12},"end":{"line":15,"column":21}},"2":{"start":{"line":18,"column":0},"end":{"line":20,"column":1}},"3":{"start":{"line":19,"column":2},"end":{"line":19,"column":25}},"4":{"start":{"line":21,"column":0},"end":{"line":21,"column":24}},"5":{"start":{"line":22,"column":0},"end":{"line":22,"column":49}},"6":{"start":{"line":24,"column":0},"end":{"line":24,"column":26}},"7":{"start":{"line":25,"column":0},"end":{"line":25,"column":31}},"8":{"start":{"line":26,"column":0},"end":{"line":26,"column":31}},"9":{"start":{"line":27,"column":0},"end":{"line":27,"column":33}},"10":{"start":{"line":28,"column":0},"end":{"line":28,"column":30}},"11":{"start":{"line":31,"column":18},"end":{"line":31,"column":32}},"12":{"start":{"line":32,"column":0},"end":{"line":32,"column":65}},"13":{"start":{"line":35,"column":0},"end":{"line":37,"column":3}},"14":{"start":{"line":36,"column":2},"end":{"line":36,"column":25}},"15":{"start":{"line":40,"column":0},"end":{"line":48,"column":3}},"16":{"start":{"line":42,"column":2},"end":{"line":42,"column":35}},"17":{"start":{"line":43,"column":2},"end":{"line":43,"column":69}},"18":{"start":{"line":46,"column":2},"end":{"line":46,"column":32}},"19":{"start":{"line":47,"column":2},"end":{"line":47,"column":24}}},"fnMap":{"0":{"name":"(anonymous_0)","decl":{"start":{"line":35,"column":8},"end":{"line":35,"column":9}},"loc":{"start":{"line":35,"column":34},"end":{"line":37,"column":1}},"line":35},"1":{"name":"(anonymous_1)","decl":{"start":{"line":40,"column":8},"end":{"line":40,"column":9}},"loc":{"start":{"line":40,"column":39},"end":{"line":48,"column":1}},"line":40}},"branchMap":{"0":{"loc":{"start":{"line":13,"column":17},"end":{"line":13,"column":91}},"type":"binary-expr","locations":[{"start":{"line":13,"column":17},"end":{"line":13,"column":41}},{"start":{"line":13,"column":45},"end":{"line":13,"column":91}}],"line":13},"1":{"loc":{"start":{"line":18,"column":0},"end":{"line":20,"column":1}},"type":"if","locations":[{"start":{"line":18,"column":0},"end":{"line":20,"column":1}},{"start":{},"end":{}}],"line":18},"2":{"loc":{"start":{"line":43,"column":21},"end":{"line":43,"column":68}},"type":"cond-expr","locations":[{"start":{"line":43,"column":60},"end":{"line":43,"column":63}},{"start":{"line":43,"column":66},"end":{"line":43,"column":68}}],"line":43},"3":{"loc":{"start":{"line":46,"column":13},"end":{"line":46,"column":30}},"type":"binary-expr","locations":[{"start":{"line":46,"column":13},"end":{"line":46,"column":23}},{"start":{"line":46,"column":27},"end":{"line":46,"column":30}}],"line":46}},"s":{"0":2,"1":2,"2":2,"3":0,"4":2,"5":2,"6":2,"7":2,"8":2,"9":2,"10":2,"11":2,"12":2,"13":2,"14":0,"15":2,"16":3,"17":3,"18":3,"19":3},"f":{"0":0,"1":3},"b":{"0":[2,0],"1":[0,2],"2":[0,3],"3":[3,3]},"_coverageSchema":"1a1c01bbd47fc00a2c39e90264f33305004495a9","hash":"a6e6c69639191922521549f4beb5e4ff8bcdb67d"}
,"C:\\Users\\dvdpi\\Desktop\\ArchiOWeb\\projet-rest-api\\tricks-spotter-api\\ws.js": {"path":"C:\\Users\\dvdpi\\Desktop\\ArchiOWeb\\projet-rest-api\\tricks-spotter-api\\ws.js","statementMap":{"0":{"start":{"line":4,"column":14},"end":{"line":4,"column":53}},"1":{"start":{"line":6,"column":16},"end":{"line":6,"column":18}},"2":{"start":{"line":9,"column":4},"end":{"line":9,"column":39}},"3":{"start":{"line":10,"column":16},"end":{"line":12,"column":6}},"4":{"start":{"line":15,"column":4},"end":{"line":41,"column":7}},"5":{"start":{"line":16,"column":8},"end":{"line":16,"column":48}},"6":{"start":{"line":19,"column":8},"end":{"line":19,"column":25}},"7":{"start":{"line":22,"column":8},"end":{"line":34,"column":11}},"8":{"start":{"line":25,"column":12},"end":{"line":30,"column":13}},"9":{"start":{"line":26,"column":16},"end":{"line":26,"column":52}},"10":{"start":{"line":29,"column":16},"end":{"line":29,"column":74}},"11":{"start":{"line":33,"column":12},"end":{"line":33,"column":49}},"12":{"start":{"line":37,"column":8},"end":{"line":40,"column":11}},"13":{"start":{"line":38,"column":12},"end":{"line":38,"column":51}},"14":{"start":{"line":39,"column":12},"end":{"line":39,"column":51}},"15":{"start":{"line":45,"column":4},"end":{"line":47,"column":6}},"16":{"start":{"line":48,"column":4},"end":{"line":50,"column":5}},"17":{"start":{"line":49,"column":8},"end":{"line":49,"column":45}},"18":{"start":{"line":54,"column":4},"end":{"line":54,"column":68}}},"fnMap":{"0":{"name":"createWSServer","decl":{"start":{"line":8,"column":16},"end":{"line":8,"column":30}},"loc":{"start":{"line":8,"column":43},"end":{"line":42,"column":1}},"line":8},"1":{"name":"(anonymous_1)","decl":{"start":{"line":15,"column":25},"end":{"line":15,"column":26}},"loc":{"start":{"line":15,"column":39},"end":{"line":41,"column":5}},"line":15},"2":{"name":"(anonymous_2)","decl":{"start":{"line":22,"column":25},"end":{"line":22,"column":26}},"loc":{"start":{"line":22,"column":38},"end":{"line":34,"column":9}},"line":22},"3":{"name":"(anonymous_3)","decl":{"start":{"line":37,"column":23},"end":{"line":37,"column":24}},"loc":{"start":{"line":37,"column":29},"end":{"line":40,"column":9}},"line":37},"4":{"name":"broadcastMessage","decl":{"start":{"line":44,"column":16},"end":{"line":44,"column":32}},"loc":{"start":{"line":44,"column":42},"end":{"line":51,"column":1}},"line":44},"5":{"name":"onMessageReceived","decl":{"start":{"line":53,"column":9},"end":{"line":53,"column":26}},"loc":{"start":{"line":53,"column":40},"end":{"line":56,"column":1}},"line":53}},"branchMap":{},"s":{"0":2,"1":2,"2":0,"3":0,"4":0,"5":0,"6":0,"7":0,"8":0,"9":0,"10":0,"11":0,"12":0,"13":0,"14":0,"15":0,"16":0,"17":0,"18":0},"f":{"0":0,"1":0,"2":0,"3":0,"4":0,"5":0},"b":{},"_coverageSchema":"1a1c01bbd47fc00a2c39e90264f33305004495a9","hash":"1824d0675360f7831560d5f31c96954f91946373"}
,"C:\\Users\\dvdpi\\Desktop\\ArchiOWeb\\projet-rest-api\\tricks-spotter-api\\model\\Spot.js": {"path":"C:\\Users\\dvdpi\\Desktop\\ArchiOWeb\\projet-rest-api\\tricks-spotter-api\\model\\Spot.js","statementMap":{"0":{"start":{"line":4,"column":17},"end":{"line":43,"column":2}},"1":{"start":{"line":46,"column":20},"end":{"line":46,"column":45}},"2":{"start":{"line":50,"column":4},"end":{"line":50,"column":123}},"3":{"start":{"line":54,"column":4},"end":{"line":54,"column":39}},"4":{"start":{"line":58,"column":4},"end":{"line":58,"column":41}}},"fnMap":{"0":{"name":"validateGeoJsonCoordinates","decl":{"start":{"line":49,"column":9},"end":{"line":49,"column":35}},"loc":{"start":{"line":49,"column":43},"end":{"line":51,"column":1}},"line":49},"1":{"name":"isLatitude","decl":{"start":{"line":53,"column":9},"end":{"line":53,"column":19}},"loc":{"start":{"line":53,"column":27},"end":{"line":55,"column":1}},"line":53},"2":{"name":"isLongitude","decl":{"start":{"line":57,"column":9},"end":{"line":57,"column":20}},"loc":{"start":{"line":57,"column":28},"end":{"line":59,"column":1}},"line":57}},"branchMap":{"0":{"loc":{"start":{"line":50,"column":11},"end":{"line":50,"column":122}},"type":"binary-expr","locations":[{"start":{"line":50,"column":11},"end":{"line":50,"column":31}},{"start":{"line":50,"column":35},"end":{"line":50,"column":52}},{"start":{"line":50,"column":56},"end":{"line":50,"column":73}},{"start":{"line":50,"column":77},"end":{"line":50,"column":98}},{"start":{"line":50,"column":102},"end":{"line":50,"column":122}}],"line":50},"1":{"loc":{"start":{"line":54,"column":11},"end":{"line":54,"column":38}},"type":"binary-expr","locations":[{"start":{"line":54,"column":11},"end":{"line":54,"column":23}},{"start":{"line":54,"column":27},"end":{"line":54,"column":38}}],"line":54},"2":{"loc":{"start":{"line":58,"column":11},"end":{"line":58,"column":40}},"type":"binary-expr","locations":[{"start":{"line":58,"column":11},"end":{"line":58,"column":24}},{"start":{"line":58,"column":28},"end":{"line":58,"column":40}}],"line":58}},"s":{"0":2,"1":2,"2":1,"3":1,"4":1},"f":{"0":1,"1":1,"2":1},"b":{"0":[1,1,1,1,1],"1":[1,1],"2":[1,1]},"_coverageSchema":"1a1c01bbd47fc00a2c39e90264f33305004495a9","hash":"c5592d3106bb1c96035843ce0b626b5ec800d25d"}
,"C:\\Users\\dvdpi\\Desktop\\ArchiOWeb\\projet-rest-api\\tricks-spotter-api\\model\\Trick.js": {"path":"C:\\Users\\dvdpi\\Desktop\\ArchiOWeb\\projet-rest-api\\tricks-spotter-api\\model\\Trick.js","statementMap":{"0":{"start":{"line":4,"column":18},"end":{"line":28,"column":2}},"1":{"start":{"line":31,"column":0},"end":{"line":33,"column":3}},"2":{"start":{"line":37,"column":4},"end":{"line":37,"column":20}},"3":{"start":{"line":38,"column":4},"end":{"line":38,"column":16}},"4":{"start":{"line":42,"column":21},"end":{"line":42,"column":48}}},"fnMap":{"0":{"name":"transformJsonTrick","decl":{"start":{"line":35,"column":9},"end":{"line":35,"column":27}},"loc":{"start":{"line":35,"column":48},"end":{"line":39,"column":1}},"line":35}},"branchMap":{},"s":{"0":2,"1":2,"2":2,"3":2,"4":2},"f":{"0":2},"b":{},"_coverageSchema":"1a1c01bbd47fc00a2c39e90264f33305004495a9","hash":"1aaf70db81618fc1d00f96c0657144538378330c"}
,"C:\\Users\\dvdpi\\Desktop\\ArchiOWeb\\projet-rest-api\\tricks-spotter-api\\model\\User.js": {"path":"C:\\Users\\dvdpi\\Desktop\\ArchiOWeb\\projet-rest-api\\tricks-spotter-api\\model\\User.js","statementMap":{"0":{"start":{"line":5,"column":17},"end":{"line":37,"column":2}},"1":{"start":{"line":40,"column":0},"end":{"line":40,"column":74}},"2":{"start":{"line":43,"column":0},"end":{"line":45,"column":3}},"3":{"start":{"line":48,"column":4},"end":{"line":48,"column":25}},"4":{"start":{"line":49,"column":4},"end":{"line":49,"column":20}},"5":{"start":{"line":50,"column":4},"end":{"line":50,"column":16}},"6":{"start":{"line":54,"column":20},"end":{"line":54,"column":45}}},"fnMap":{"0":{"name":"transformJsonUser","decl":{"start":{"line":46,"column":9},"end":{"line":46,"column":26}},"loc":{"start":{"line":46,"column":47},"end":{"line":51,"column":1}},"line":46}},"branchMap":{},"s":{"0":2,"1":2,"2":2,"3":8,"4":8,"5":8,"6":2},"f":{"0":8},"b":{},"_coverageSchema":"1a1c01bbd47fc00a2c39e90264f33305004495a9","hash":"67b42cfbe599665898707d44d40a74fdca1c0b38"}
,"C:\\Users\\dvdpi\\Desktop\\ArchiOWeb\\projet-rest-api\\tricks-spotter-api\\routes\\index.js": {"path":"C:\\Users\\dvdpi\\Desktop\\ArchiOWeb\\projet-rest-api\\tricks-spotter-api\\routes\\index.js","statementMap":{"0":{"start":{"line":2,"column":15},"end":{"line":2,"column":31}},"1":{"start":{"line":4,"column":0},"end":{"line":6,"column":3}},"2":{"start":{"line":5,"column":2},"end":{"line":5,"column":35}}},"fnMap":{"0":{"name":"(anonymous_0)","decl":{"start":{"line":4,"column":16},"end":{"line":4,"column":17}},"loc":{"start":{"line":4,"column":42},"end":{"line":6,"column":1}},"line":4}},"branchMap":{},"s":{"0":2,"1":2,"2":0},"f":{"0":0},"b":{},"_coverageSchema":"1a1c01bbd47fc00a2c39e90264f33305004495a9","hash":"06d7c744afec1218197354dd4c05e72eac182751"}
,"C:\\Users\\dvdpi\\Desktop\\ArchiOWeb\\projet-rest-api\\tricks-spotter-api\\routes\\login.js": {"path":"C:\\Users\\dvdpi\\Desktop\\ArchiOWeb\\projet-rest-api\\tricks-spotter-api\\routes\\login.js","statementMap":{"0":{"start":{"line":5,"column":15},"end":{"line":5,"column":31}},"1":{"start":{"line":6,"column":18},"end":{"line":6,"column":40}},"2":{"start":{"line":15,"column":0},"end":{"line":40,"column":3}},"3":{"start":{"line":16,"column":4},"end":{"line":39,"column":6}},"4":{"start":{"line":17,"column":8},"end":{"line":21,"column":9}},"5":{"start":{"line":18,"column":12},"end":{"line":18,"column":29}},"6":{"start":{"line":19,"column":15},"end":{"line":21,"column":9}},"7":{"start":{"line":20,"column":12},"end":{"line":20,"column":39}},"8":{"start":{"line":23,"column":8},"end":{"line":38,"column":11}},"9":{"start":{"line":24,"column":12},"end":{"line":28,"column":13}},"10":{"start":{"line":25,"column":16},"end":{"line":25,"column":33}},"11":{"start":{"line":26,"column":19},"end":{"line":28,"column":13}},"12":{"start":{"line":27,"column":16},"end":{"line":27,"column":43}},"13":{"start":{"line":30,"column":24},"end":{"line":30,"column":69}},"14":{"start":{"line":31,"column":28},"end":{"line":31,"column":66}},"15":{"start":{"line":32,"column":12},"end":{"line":37,"column":14}},"16":{"start":{"line":33,"column":16},"end":{"line":35,"column":17}},"17":{"start":{"line":34,"column":20},"end":{"line":34,"column":36}},"18":{"start":{"line":36,"column":16},"end":{"line":36,"column":54}}},"fnMap":{"0":{"name":"(anonymous_0)","decl":{"start":{"line":15,"column":17},"end":{"line":15,"column":18}},"loc":{"start":{"line":15,"column":43},"end":{"line":40,"column":1}},"line":15},"1":{"name":"(anonymous_1)","decl":{"start":{"line":16,"column":55},"end":{"line":16,"column":56}},"loc":{"start":{"line":16,"column":76},"end":{"line":39,"column":5}},"line":16},"2":{"name":"(anonymous_2)","decl":{"start":{"line":23,"column":57},"end":{"line":23,"column":58}},"loc":{"start":{"line":23,"column":79},"end":{"line":38,"column":9}},"line":23},"3":{"name":"(anonymous_3)","decl":{"start":{"line":32,"column":41},"end":{"line":32,"column":42}},"loc":{"start":{"line":32,"column":63},"end":{"line":37,"column":13}},"line":32}},"branchMap":{"0":{"loc":{"start":{"line":17,"column":8},"end":{"line":21,"column":9}},"type":"if","locations":[{"start":{"line":17,"column":8},"end":{"line":21,"column":9}},{"start":{"line":19,"column":15},"end":{"line":21,"column":9}}],"line":17},"1":{"loc":{"start":{"line":19,"column":15},"end":{"line":21,"column":9}},"type":"if","locations":[{"start":{"line":19,"column":15},"end":{"line":21,"column":9}},{"start":{},"end":{}}],"line":19},"2":{"loc":{"start":{"line":24,"column":12},"end":{"line":28,"column":13}},"type":"if","locations":[{"start":{"line":24,"column":12},"end":{"line":28,"column":13}},{"start":{"line":26,"column":19},"end":{"line":28,"column":13}}],"line":24},"3":{"loc":{"start":{"line":26,"column":19},"end":{"line":28,"column":13}},"type":"if","locations":[{"start":{"line":26,"column":19},"end":{"line":28,"column":13}},{"start":{},"end":{}}],"line":26},"4":{"loc":{"start":{"line":33,"column":16},"end":{"line":35,"column":17}},"type":"if","locations":[{"start":{"line":33,"column":16},"end":{"line":35,"column":17}},{"start":{},"end":{}}],"line":33}},"s":{"0":2,"1":2,"2":2,"3":2,"4":2,"5":0,"6":2,"7":0,"8":2,"9":2,"10":0,"11":2,"12":1,"13":1,"14":1,"15":1,"16":1,"17":0,"18":1},"f":{"0":2,"1":2,"2":2,"3":1},"b":{"0":[0,2],"1":[0,2],"2":[0,2],"3":[1,1],"4":[0,1]},"_coverageSchema":"1a1c01bbd47fc00a2c39e90264f33305004495a9","hash":"ab93cb6e70518d567fd6dec4c8889ed94d30211b"}
,"C:\\Users\\dvdpi\\Desktop\\ArchiOWeb\\projet-rest-api\\tricks-spotter-api\\routes\\spots.js": {"path":"C:\\Users\\dvdpi\\Desktop\\ArchiOWeb\\projet-rest-api\\tricks-spotter-api\\routes\\spots.js","statementMap":{"0":{"start":{"line":7,"column":15},"end":{"line":7,"column":31}},"1":{"start":{"line":18,"column":0},"end":{"line":50,"column":2}},"2":{"start":{"line":20,"column":14},"end":{"line":20,"column":50}},"3":{"start":{"line":21,"column":2},"end":{"line":23,"column":3}},"4":{"start":{"line":22,"column":4},"end":{"line":22,"column":63}},"5":{"start":{"line":26,"column":18},"end":{"line":26,"column":20}},"6":{"start":{"line":27,"column":13},"end":{"line":27,"column":41}},"7":{"start":{"line":28,"column":2},"end":{"line":30,"column":3}},"8":{"start":{"line":29,"column":4},"end":{"line":29,"column":12}},"9":{"start":{"line":32,"column":17},"end":{"line":32,"column":49}},"10":{"start":{"line":33,"column":2},"end":{"line":35,"column":3}},"11":{"start":{"line":34,"column":4},"end":{"line":34,"column":23}},"12":{"start":{"line":37,"column":2},"end":{"line":37,"column":59}},"13":{"start":{"line":39,"column":2},"end":{"line":49,"column":4}},"14":{"start":{"line":40,"column":4},"end":{"line":42,"column":5}},"15":{"start":{"line":41,"column":6},"end":{"line":41,"column":23}},"16":{"start":{"line":43,"column":4},"end":{"line":48,"column":6}},"17":{"start":{"line":62,"column":0},"end":{"line":69,"column":3}},"18":{"start":{"line":63,"column":2},"end":{"line":68,"column":4}},"19":{"start":{"line":64,"column":4},"end":{"line":66,"column":5}},"20":{"start":{"line":65,"column":6},"end":{"line":65,"column":22}},"21":{"start":{"line":67,"column":4},"end":{"line":67,"column":30}},"22":{"start":{"line":81,"column":0},"end":{"line":118,"column":3}},"23":{"start":{"line":82,"column":2},"end":{"line":117,"column":4}},"24":{"start":{"line":83,"column":4},"end":{"line":85,"column":5}},"25":{"start":{"line":84,"column":6},"end":{"line":84,"column":22}},"26":{"start":{"line":86,"column":4},"end":{"line":116,"column":6}},"27":{"start":{"line":87,"column":6},"end":{"line":89,"column":7}},"28":{"start":{"line":88,"column":8},"end":{"line":88,"column":25}},"29":{"start":{"line":90,"column":18},"end":{"line":90,"column":80}},"30":{"start":{"line":91,"column":22},"end":{"line":91,"column":24}},"31":{"start":{"line":93,"column":17},"end":{"line":93,"column":45}},"32":{"start":{"line":94,"column":6},"end":{"line":96,"column":7}},"33":{"start":{"line":95,"column":8},"end":{"line":95,"column":16}},"34":{"start":{"line":98,"column":21},"end":{"line":98,"column":53}},"35":{"start":{"line":99,"column":6},"end":{"line":101,"column":7}},"36":{"start":{"line":100,"column":8},"end":{"line":100,"column":27}},"37":{"start":{"line":103,"column":6},"end":{"line":103,"column":63}},"38":{"start":{"line":105,"column":6},"end":{"line":115,"column":8}},"39":{"start":{"line":106,"column":8},"end":{"line":108,"column":9}},"40":{"start":{"line":107,"column":10},"end":{"line":107,"column":27}},"41":{"start":{"line":109,"column":8},"end":{"line":114,"column":10}},"42":{"start":{"line":135,"column":0},"end":{"line":155,"column":2}},"43":{"start":{"line":136,"column":2},"end":{"line":154,"column":4}},"44":{"start":{"line":137,"column":4},"end":{"line":139,"column":5}},"45":{"start":{"line":138,"column":6},"end":{"line":138,"column":22}},"46":{"start":{"line":140,"column":4},"end":{"line":153,"column":5}},"47":{"start":{"line":142,"column":22},"end":{"line":142,"column":40}},"48":{"start":{"line":144,"column":6},"end":{"line":150,"column":8}},"49":{"start":{"line":145,"column":8},"end":{"line":147,"column":9}},"50":{"start":{"line":146,"column":10},"end":{"line":146,"column":26}},"51":{"start":{"line":148,"column":8},"end":{"line":148,"column":39}},"52":{"start":{"line":149,"column":8},"end":{"line":149,"column":86}},"53":{"start":{"line":152,"column":6},"end":{"line":152,"column":53}},"54":{"start":{"line":169,"column":0},"end":{"line":186,"column":2}},"55":{"start":{"line":170,"column":2},"end":{"line":184,"column":4}},"56":{"start":{"line":171,"column":4},"end":{"line":173,"column":5}},"57":{"start":{"line":172,"column":6},"end":{"line":172,"column":22}},"58":{"start":{"line":174,"column":4},"end":{"line":183,"column":5}},"59":{"start":{"line":175,"column":6},"end":{"line":180,"column":8}},"60":{"start":{"line":176,"column":8},"end":{"line":178,"column":9}},"61":{"start":{"line":177,"column":10},"end":{"line":177,"column":26}},"62":{"start":{"line":179,"column":8},"end":{"line":179,"column":41}},"63":{"start":{"line":182,"column":6},"end":{"line":182,"column":66}},"64":{"start":{"line":199,"column":0},"end":{"line":223,"column":2}},"65":{"start":{"line":200,"column":2},"end":{"line":221,"column":4}},"66":{"start":{"line":201,"column":4},"end":{"line":203,"column":5}},"67":{"start":{"line":202,"column":6},"end":{"line":202,"column":22}},"68":{"start":{"line":204,"column":4},"end":{"line":220,"column":5}},"69":{"start":{"line":205,"column":6},"end":{"line":217,"column":8}},"70":{"start":{"line":213,"column":8},"end":{"line":215,"column":9}},"71":{"start":{"line":214,"column":10},"end":{"line":214,"column":27}},"72":{"start":{"line":216,"column":8},"end":{"line":216,"column":42}},"73":{"start":{"line":219,"column":6},"end":{"line":219,"column":66}}},"fnMap":{"0":{"name":"(anonymous_0)","decl":{"start":{"line":18,"column":16},"end":{"line":18,"column":17}},"loc":{"start":{"line":18,"column":42},"end":{"line":50,"column":1}},"line":18},"1":{"name":"(anonymous_1)","decl":{"start":{"line":39,"column":13},"end":{"line":39,"column":14}},"loc":{"start":{"line":39,"column":35},"end":{"line":49,"column":3}},"line":39},"2":{"name":"(anonymous_2)","decl":{"start":{"line":62,"column":19},"end":{"line":62,"column":20}},"loc":{"start":{"line":62,"column":45},"end":{"line":69,"column":1}},"line":62},"3":{"name":"(anonymous_3)","decl":{"start":{"line":63,"column":44},"end":{"line":63,"column":45}},"loc":{"start":{"line":63,"column":65},"end":{"line":68,"column":3}},"line":63},"4":{"name":"(anonymous_4)","decl":{"start":{"line":81,"column":26},"end":{"line":81,"column":27}},"loc":{"start":{"line":81,"column":52},"end":{"line":118,"column":1}},"line":81},"5":{"name":"(anonymous_5)","decl":{"start":{"line":82,"column":44},"end":{"line":82,"column":45}},"loc":{"start":{"line":82,"column":65},"end":{"line":117,"column":3}},"line":82},"6":{"name":"(anonymous_6)","decl":{"start":{"line":86,"column":48},"end":{"line":86,"column":49}},"loc":{"start":{"line":86,"column":70},"end":{"line":116,"column":5}},"line":86},"7":{"name":"(anonymous_7)","decl":{"start":{"line":105,"column":17},"end":{"line":105,"column":18}},"loc":{"start":{"line":105,"column":40},"end":{"line":115,"column":7}},"line":105},"8":{"name":"(anonymous_8)","decl":{"start":{"line":135,"column":31},"end":{"line":135,"column":32}},"loc":{"start":{"line":135,"column":57},"end":{"line":155,"column":1}},"line":135},"9":{"name":"(anonymous_9)","decl":{"start":{"line":136,"column":48},"end":{"line":136,"column":49}},"loc":{"start":{"line":136,"column":69},"end":{"line":154,"column":3}},"line":136},"10":{"name":"(anonymous_10)","decl":{"start":{"line":144,"column":19},"end":{"line":144,"column":20}},"loc":{"start":{"line":144,"column":45},"end":{"line":150,"column":7}},"line":144},"11":{"name":"(anonymous_11)","decl":{"start":{"line":169,"column":36},"end":{"line":169,"column":37}},"loc":{"start":{"line":169,"column":62},"end":{"line":186,"column":1}},"line":169},"12":{"name":"(anonymous_12)","decl":{"start":{"line":170,"column":48},"end":{"line":170,"column":49}},"loc":{"start":{"line":170,"column":69},"end":{"line":184,"column":3}},"line":170},"13":{"name":"(anonymous_13)","decl":{"start":{"line":175,"column":58},"end":{"line":175,"column":59}},"loc":{"start":{"line":175,"column":86},"end":{"line":180,"column":7}},"line":175},"14":{"name":"(anonymous_14)","decl":{"start":{"line":199,"column":33},"end":{"line":199,"column":34}},"loc":{"start":{"line":199,"column":59},"end":{"line":223,"column":1}},"line":199},"15":{"name":"(anonymous_15)","decl":{"start":{"line":200,"column":48},"end":{"line":200,"column":49}},"loc":{"start":{"line":200,"column":69},"end":{"line":221,"column":3}},"line":200},"16":{"name":"(anonymous_16)","decl":{"start":{"line":212,"column":50},"end":{"line":212,"column":51}},"loc":{"start":{"line":212,"column":78},"end":{"line":217,"column":7}},"line":212}},"branchMap":{"0":{"loc":{"start":{"line":21,"column":2},"end":{"line":23,"column":3}},"type":"if","locations":[{"start":{"line":21,"column":2},"end":{"line":23,"column":3}},{"start":{},"end":{}}],"line":21},"1":{"loc":{"start":{"line":28,"column":2},"end":{"line":30,"column":3}},"type":"if","locations":[{"start":{"line":28,"column":2},"end":{"line":30,"column":3}},{"start":{},"end":{}}],"line":28},"2":{"loc":{"start":{"line":28,"column":6},"end":{"line":28,"column":29}},"type":"binary-expr","locations":[{"start":{"line":28,"column":6},"end":{"line":28,"column":17}},{"start":{"line":28,"column":21},"end":{"line":28,"column":29}}],"line":28},"3":{"loc":{"start":{"line":33,"column":2},"end":{"line":35,"column":3}},"type":"if","locations":[{"start":{"line":33,"column":2},"end":{"line":35,"column":3}},{"start":{},"end":{}}],"line":33},"4":{"loc":{"start":{"line":33,"column":6},"end":{"line":33,"column":59}},"type":"binary-expr","locations":[{"start":{"line":33,"column":6},"end":{"line":33,"column":21}},{"start":{"line":33,"column":25},"end":{"line":33,"column":37}},{"start":{"line":33,"column":41},"end":{"line":33,"column":59}}],"line":33},"5":{"loc":{"start":{"line":40,"column":4},"end":{"line":42,"column":5}},"type":"if","locations":[{"start":{"line":40,"column":4},"end":{"line":42,"column":5}},{"start":{},"end":{}}],"line":40},"6":{"loc":{"start":{"line":64,"column":4},"end":{"line":66,"column":5}},"type":"if","locations":[{"start":{"line":64,"column":4},"end":{"line":66,"column":5}},{"start":{},"end":{}}],"line":64},"7":{"loc":{"start":{"line":83,"column":4},"end":{"line":85,"column":5}},"type":"if","locations":[{"start":{"line":83,"column":4},"end":{"line":85,"column":5}},{"start":{},"end":{}}],"line":83},"8":{"loc":{"start":{"line":87,"column":6},"end":{"line":89,"column":7}},"type":"if","locations":[{"start":{"line":87,"column":6},"end":{"line":89,"column":7}},{"start":{},"end":{}}],"line":87},"9":{"loc":{"start":{"line":94,"column":6},"end":{"line":96,"column":7}},"type":"if","locations":[{"start":{"line":94,"column":6},"end":{"line":96,"column":7}},{"start":{},"end":{}}],"line":94},"10":{"loc":{"start":{"line":94,"column":10},"end":{"line":94,"column":33}},"type":"binary-expr","locations":[{"start":{"line":94,"column":10},"end":{"line":94,"column":21}},{"start":{"line":94,"column":25},"end":{"line":94,"column":33}}],"line":94},"11":{"loc":{"start":{"line":99,"column":6},"end":{"line":101,"column":7}},"type":"if","locations":[{"start":{"line":99,"column":6},"end":{"line":101,"column":7}},{"start":{},"end":{}}],"line":99},"12":{"loc":{"start":{"line":99,"column":10},"end":{"line":99,"column":63}},"type":"binary-expr","locations":[{"start":{"line":99,"column":10},"end":{"line":99,"column":25}},{"start":{"line":99,"column":29},"end":{"line":99,"column":41}},{"start":{"line":99,"column":45},"end":{"line":99,"column":63}}],"line":99},"13":{"loc":{"start":{"line":106,"column":8},"end":{"line":108,"column":9}},"type":"if","locations":[{"start":{"line":106,"column":8},"end":{"line":108,"column":9}},{"start":{},"end":{}}],"line":106},"14":{"loc":{"start":{"line":137,"column":4},"end":{"line":139,"column":5}},"type":"if","locations":[{"start":{"line":137,"column":4},"end":{"line":139,"column":5}},{"start":{},"end":{}}],"line":137},"15":{"loc":{"start":{"line":140,"column":4},"end":{"line":153,"column":5}},"type":"if","locations":[{"start":{"line":140,"column":4},"end":{"line":153,"column":5}},{"start":{"line":151,"column":11},"end":{"line":153,"column":5}}],"line":140},"16":{"loc":{"start":{"line":145,"column":8},"end":{"line":147,"column":9}},"type":"if","locations":[{"start":{"line":145,"column":8},"end":{"line":147,"column":9}},{"start":{},"end":{}}],"line":145},"17":{"loc":{"start":{"line":171,"column":4},"end":{"line":173,"column":5}},"type":"if","locations":[{"start":{"line":171,"column":4},"end":{"line":173,"column":5}},{"start":{},"end":{}}],"line":171},"18":{"loc":{"start":{"line":174,"column":4},"end":{"line":183,"column":5}},"type":"if","locations":[{"start":{"line":174,"column":4},"end":{"line":183,"column":5}},{"start":{"line":181,"column":11},"end":{"line":183,"column":5}}],"line":174},"19":{"loc":{"start":{"line":176,"column":8},"end":{"line":178,"column":9}},"type":"if","locations":[{"start":{"line":176,"column":8},"end":{"line":178,"column":9}},{"start":{},"end":{}}],"line":176},"20":{"loc":{"start":{"line":201,"column":4},"end":{"line":203,"column":5}},"type":"if","locations":[{"start":{"line":201,"column":4},"end":{"line":203,"column":5}},{"start":{},"end":{}}],"line":201},"21":{"loc":{"start":{"line":204,"column":4},"end":{"line":220,"column":5}},"type":"if","locations":[{"start":{"line":204,"column":4},"end":{"line":220,"column":5}},{"start":{"line":218,"column":9},"end":{"line":220,"column":5}}],"line":204},"22":{"loc":{"start":{"line":213,"column":8},"end":{"line":215,"column":9}},"type":"if","locations":[{"start":{"line":213,"column":8},"end":{"line":215,"column":9}},{"start":{},"end":{}}],"line":213}},"s":{"0":2,"1":2,"2":0,"3":0,"4":0,"5":0,"6":0,"7":0,"8":0,"9":0,"10":0,"11":0,"12":0,"13":0,"14":0,"15":0,"16":0,"17":2,"18":0,"19":0,"20":0,"21":0,"22":2,"23":0,"24":0,"25":0,"26":0,"27":0,"28":0,"29":0,"30":0,"31":0,"32":0,"33":0,"34":0,"35":0,"36":0,"37":0,"38":0,"39":0,"40":0,"41":0,"42":2,"43":0,"44":0,"45":0,"46":0,"47":0,"48":0,"49":0,"50":0,"51":0,"52":0,"53":0,"54":2,"55":0,"56":0,"57":0,"58":0,"59":0,"60":0,"61":0,"62":0,"63":0,"64":2,"65":0,"66":0,"67":0,"68":0,"69":0,"70":0,"71":0,"72":0,"73":0},"f":{"0":0,"1":0,"2":0,"3":0,"4":0,"5":0,"6":0,"7":0,"8":0,"9":0,"10":0,"11":0,"12":0,"13":0,"14":0,"15":0,"16":0},"b":{"0":[0,0],"1":[0,0],"2":[0,0],"3":[0,0],"4":[0,0,0],"5":[0,0],"6":[0,0],"7":[0,0],"8":[0,0],"9":[0,0],"10":[0,0],"11":[0,0],"12":[0,0,0],"13":[0,0],"14":[0,0],"15":[0,0],"16":[0,0],"17":[0,0],"18":[0,0],"19":[0,0],"20":[0,0],"21":[0,0],"22":[0,0]},"_coverageSchema":"1a1c01bbd47fc00a2c39e90264f33305004495a9","hash":"7cad4eaa37926a376b586a56365e4f00fe1bf709"}
,"C:\\Users\\dvdpi\\Desktop\\ArchiOWeb\\projet-rest-api\\tricks-spotter-api\\routes\\tricks.js": {"path":"C:\\Users\\dvdpi\\Desktop\\ArchiOWeb\\projet-rest-api\\tricks-spotter-api\\routes\\tricks.js","statementMap":{"0":{"start":{"line":6,"column":15},"end":{"line":6,"column":31}},"1":{"start":{"line":17,"column":0},"end":{"line":49,"column":3}},"2":{"start":{"line":18,"column":2},"end":{"line":48,"column":5}},"3":{"start":{"line":19,"column":4},"end":{"line":21,"column":5}},"4":{"start":{"line":20,"column":6},"end":{"line":20,"column":23}},"5":{"start":{"line":22,"column":16},"end":{"line":22,"column":55}},"6":{"start":{"line":23,"column":20},"end":{"line":23,"column":22}},"7":{"start":{"line":25,"column":15},"end":{"line":25,"column":43}},"8":{"start":{"line":26,"column":4},"end":{"line":28,"column":5}},"9":{"start":{"line":27,"column":6},"end":{"line":27,"column":14}},"10":{"start":{"line":30,"column":19},"end":{"line":30,"column":51}},"11":{"start":{"line":31,"column":4},"end":{"line":33,"column":5}},"12":{"start":{"line":32,"column":6},"end":{"line":32,"column":25}},"13":{"start":{"line":35,"column":4},"end":{"line":35,"column":61}},"14":{"start":{"line":37,"column":4},"end":{"line":47,"column":6}},"15":{"start":{"line":38,"column":6},"end":{"line":40,"column":7}},"16":{"start":{"line":39,"column":8},"end":{"line":39,"column":25}},"17":{"start":{"line":41,"column":6},"end":{"line":46,"column":8}},"18":{"start":{"line":61,"column":0},"end":{"line":68,"column":3}},"19":{"start":{"line":62,"column":2},"end":{"line":67,"column":4}},"20":{"start":{"line":63,"column":4},"end":{"line":65,"column":5}},"21":{"start":{"line":64,"column":6},"end":{"line":64,"column":22}},"22":{"start":{"line":66,"column":4},"end":{"line":66,"column":31}},"23":{"start":{"line":83,"column":0},"end":{"line":102,"column":3}},"24":{"start":{"line":85,"column":2},"end":{"line":85,"column":37}},"25":{"start":{"line":87,"column":19},"end":{"line":87,"column":38}},"26":{"start":{"line":89,"column":2},"end":{"line":101,"column":4}},"27":{"start":{"line":90,"column":4},"end":{"line":92,"column":5}},"28":{"start":{"line":91,"column":6},"end":{"line":91,"column":22}},"29":{"start":{"line":93,"column":4},"end":{"line":93,"column":36}},"30":{"start":{"line":95,"column":4},"end":{"line":100,"column":6}},"31":{"start":{"line":96,"column":6},"end":{"line":98,"column":7}},"32":{"start":{"line":97,"column":8},"end":{"line":97,"column":24}},"33":{"start":{"line":99,"column":6},"end":{"line":99,"column":105}},"34":{"start":{"line":115,"column":0},"end":{"line":132,"column":2}},"35":{"start":{"line":116,"column":2},"end":{"line":131,"column":4}},"36":{"start":{"line":117,"column":4},"end":{"line":119,"column":5}},"37":{"start":{"line":118,"column":6},"end":{"line":118,"column":22}},"38":{"start":{"line":121,"column":4},"end":{"line":130,"column":5}},"39":{"start":{"line":122,"column":6},"end":{"line":127,"column":8}},"40":{"start":{"line":123,"column":8},"end":{"line":125,"column":9}},"41":{"start":{"line":124,"column":10},"end":{"line":124,"column":26}},"42":{"start":{"line":126,"column":8},"end":{"line":126,"column":42}},"43":{"start":{"line":129,"column":6},"end":{"line":129,"column":62}},"44":{"start":{"line":145,"column":0},"end":{"line":165,"column":2}},"45":{"start":{"line":146,"column":2},"end":{"line":164,"column":4}},"46":{"start":{"line":147,"column":4},"end":{"line":149,"column":5}},"47":{"start":{"line":148,"column":6},"end":{"line":148,"column":22}},"48":{"start":{"line":151,"column":4},"end":{"line":163,"column":5}},"49":{"start":{"line":152,"column":6},"end":{"line":160,"column":8}},"50":{"start":{"line":156,"column":8},"end":{"line":158,"column":9}},"51":{"start":{"line":157,"column":10},"end":{"line":157,"column":26}},"52":{"start":{"line":159,"column":8},"end":{"line":159,"column":42}},"53":{"start":{"line":162,"column":6},"end":{"line":162,"column":62}}},"fnMap":{"0":{"name":"(anonymous_0)","decl":{"start":{"line":17,"column":16},"end":{"line":17,"column":17}},"loc":{"start":{"line":17,"column":42},"end":{"line":49,"column":1}},"line":17},"1":{"name":"(anonymous_1)","decl":{"start":{"line":18,"column":21},"end":{"line":18,"column":22}},"loc":{"start":{"line":18,"column":43},"end":{"line":48,"column":3}},"line":18},"2":{"name":"(anonymous_2)","decl":{"start":{"line":37,"column":15},"end":{"line":37,"column":16}},"loc":{"start":{"line":37,"column":38},"end":{"line":47,"column":5}},"line":37},"3":{"name":"(anonymous_3)","decl":{"start":{"line":61,"column":19},"end":{"line":61,"column":20}},"loc":{"start":{"line":61,"column":45},"end":{"line":68,"column":1}},"line":61},"4":{"name":"(anonymous_4)","decl":{"start":{"line":62,"column":45},"end":{"line":62,"column":46}},"loc":{"start":{"line":62,"column":67},"end":{"line":67,"column":3}},"line":62},"5":{"name":"(anonymous_5)","decl":{"start":{"line":83,"column":31},"end":{"line":83,"column":32}},"loc":{"start":{"line":83,"column":57},"end":{"line":102,"column":1}},"line":83},"6":{"name":"(anonymous_6)","decl":{"start":{"line":89,"column":16},"end":{"line":89,"column":17}},"loc":{"start":{"line":89,"column":43},"end":{"line":101,"column":3}},"line":89},"7":{"name":"(anonymous_7)","decl":{"start":{"line":95,"column":50},"end":{"line":95,"column":51}},"loc":{"start":{"line":95,"column":71},"end":{"line":100,"column":5}},"line":95},"8":{"name":"(anonymous_8)","decl":{"start":{"line":115,"column":36},"end":{"line":115,"column":37}},"loc":{"start":{"line":115,"column":62},"end":{"line":132,"column":1}},"line":115},"9":{"name":"(anonymous_9)","decl":{"start":{"line":116,"column":45},"end":{"line":116,"column":46}},"loc":{"start":{"line":116,"column":67},"end":{"line":131,"column":3}},"line":116},"10":{"name":"(anonymous_10)","decl":{"start":{"line":122,"column":59},"end":{"line":122,"column":60}},"loc":{"start":{"line":122,"column":88},"end":{"line":127,"column":7}},"line":122},"11":{"name":"(anonymous_11)","decl":{"start":{"line":145,"column":33},"end":{"line":145,"column":34}},"loc":{"start":{"line":145,"column":59},"end":{"line":165,"column":1}},"line":145},"12":{"name":"(anonymous_12)","decl":{"start":{"line":146,"column":45},"end":{"line":146,"column":46}},"loc":{"start":{"line":146,"column":67},"end":{"line":164,"column":3}},"line":146},"13":{"name":"(anonymous_13)","decl":{"start":{"line":155,"column":50},"end":{"line":155,"column":51}},"loc":{"start":{"line":155,"column":79},"end":{"line":160,"column":7}},"line":155}},"branchMap":{"0":{"loc":{"start":{"line":19,"column":4},"end":{"line":21,"column":5}},"type":"if","locations":[{"start":{"line":19,"column":4},"end":{"line":21,"column":5}},{"start":{},"end":{}}],"line":19},"1":{"loc":{"start":{"line":26,"column":4},"end":{"line":28,"column":5}},"type":"if","locations":[{"start":{"line":26,"column":4},"end":{"line":28,"column":5}},{"start":{},"end":{}}],"line":26},"2":{"loc":{"start":{"line":26,"column":8},"end":{"line":26,"column":31}},"type":"binary-expr","locations":[{"start":{"line":26,"column":8},"end":{"line":26,"column":19}},{"start":{"line":26,"column":23},"end":{"line":26,"column":31}}],"line":26},"3":{"loc":{"start":{"line":31,"column":4},"end":{"line":33,"column":5}},"type":"if","locations":[{"start":{"line":31,"column":4},"end":{"line":33,"column":5}},{"start":{},"end":{}}],"line":31},"4":{"loc":{"start":{"line":31,"column":8},"end":{"line":31,"column":61}},"type":"binary-expr","locations":[{"start":{"line":31,"column":8},"end":{"line":31,"column":23}},{"start":{"line":31,"column":27},"end":{"line":31,"column":39}},{"start":{"line":31,"column":43},"end":{"line":31,"column":61}}],"line":31},"5":{"loc":{"start":{"line":38,"column":6},"end":{"line":40,"column":7}},"type":"if","locations":[{"start":{"line":38,"column":6},"end":{"line":40,"column":7}},{"start":{},"end":{}}],"line":38},"6":{"loc":{"start":{"line":63,"column":4},"end":{"line":65,"column":5}},"type":"if","locations":[{"start":{"line":63,"column":4},"end":{"line":65,"column":5}},{"start":{},"end":{}}],"line":63},"7":{"loc":{"start":{"line":90,"column":4},"end":{"line":92,"column":5}},"type":"if","locations":[{"start":{"line":90,"column":4},"end":{"line":92,"column":5}},{"start":{},"end":{}}],"line":90},"8":{"loc":{"start":{"line":96,"column":6},"end":{"line":98,"column":7}},"type":"if","locations":[{"start":{"line":96,"column":6},"end":{"line":98,"column":7}},{"start":{},"end":{}}],"line":96},"9":{"loc":{"start":{"line":117,"column":4},"end":{"line":119,"column":5}},"type":"if","locations":[{"start":{"line":117,"column":4},"end":{"line":119,"column":5}},{"start":{},"end":{}}],"line":117},"10":{"loc":{"start":{"line":121,"column":4},"end":{"line":130,"column":5}},"type":"if","locations":[{"start":{"line":121,"column":4},"end":{"line":130,"column":5}},{"start":{"line":128,"column":11},"end":{"line":130,"column":5}}],"line":121},"11":{"loc":{"start":{"line":123,"column":8},"end":{"line":125,"column":9}},"type":"if","locations":[{"start":{"line":123,"column":8},"end":{"line":125,"column":9}},{"start":{},"end":{}}],"line":123},"12":{"loc":{"start":{"line":147,"column":4},"end":{"line":149,"column":5}},"type":"if","locations":[{"start":{"line":147,"column":4},"end":{"line":149,"column":5}},{"start":{},"end":{}}],"line":147},"13":{"loc":{"start":{"line":151,"column":4},"end":{"line":163,"column":5}},"type":"if","locations":[{"start":{"line":151,"column":4},"end":{"line":163,"column":5}},{"start":{"line":161,"column":11},"end":{"line":163,"column":5}}],"line":151},"14":{"loc":{"start":{"line":156,"column":8},"end":{"line":158,"column":9}},"type":"if","locations":[{"start":{"line":156,"column":8},"end":{"line":158,"column":9}},{"start":{},"end":{}}],"line":156}},"s":{"0":2,"1":2,"2":0,"3":0,"4":0,"5":0,"6":0,"7":0,"8":0,"9":0,"10":0,"11":0,"12":0,"13":0,"14":0,"15":0,"16":0,"17":0,"18":2,"19":0,"20":0,"21":0,"22":0,"23":2,"24":0,"25":0,"26":0,"27":0,"28":0,"29":0,"30":0,"31":0,"32":0,"33":0,"34":2,"35":0,"36":0,"37":0,"38":0,"39":0,"40":0,"41":0,"42":0,"43":0,"44":2,"45":0,"46":0,"47":0,"48":0,"49":0,"50":0,"51":0,"52":0,"53":0},"f":{"0":0,"1":0,"2":0,"3":0,"4":0,"5":0,"6":0,"7":0,"8":0,"9":0,"10":0,"11":0,"12":0,"13":0},"b":{"0":[0,0],"1":[0,0],"2":[0,0],"3":[0,0],"4":[0,0,0],"5":[0,0],"6":[0,0],"7":[0,0],"8":[0,0],"9":[0,0],"10":[0,0],"11":[0,0],"12":[0,0],"13":[0,0],"14":[0,0]},"_coverageSchema":"1a1c01bbd47fc00a2c39e90264f33305004495a9","hash":"2f0f9812166f95288f74428bd60f8573597ea3ae"}
,"C:\\Users\\dvdpi\\Desktop\\ArchiOWeb\\projet-rest-api\\tricks-spotter-api\\routes\\users.js": {"path":"C:\\Users\\dvdpi\\Desktop\\ArchiOWeb\\projet-rest-api\\tricks-spotter-api\\routes\\users.js","statementMap":{"0":{"start":{"line":6,"column":15},"end":{"line":6,"column":31}},"1":{"start":{"line":17,"column":0},"end":{"line":94,"column":3}},"2":{"start":{"line":18,"column":2},"end":{"line":93,"column":5}},"3":{"start":{"line":19,"column":4},"end":{"line":21,"column":5}},"4":{"start":{"line":20,"column":6},"end":{"line":20,"column":23}},"5":{"start":{"line":22,"column":20},"end":{"line":22,"column":22}},"6":{"start":{"line":24,"column":15},"end":{"line":24,"column":43}},"7":{"start":{"line":25,"column":4},"end":{"line":27,"column":5}},"8":{"start":{"line":26,"column":6},"end":{"line":26,"column":14}},"9":{"start":{"line":29,"column":19},"end":{"line":29,"column":51}},"10":{"start":{"line":30,"column":4},"end":{"line":32,"column":5}},"11":{"start":{"line":31,"column":6},"end":{"line":31,"column":25}},"12":{"start":{"line":35,"column":4},"end":{"line":92,"column":6}},"13":{"start":{"line":84,"column":6},"end":{"line":86,"column":7}},"14":{"start":{"line":85,"column":8},"end":{"line":85,"column":25}},"15":{"start":{"line":87,"column":6},"end":{"line":91,"column":9}},"16":{"start":{"line":88,"column":27},"end":{"line":88,"column":50}},"17":{"start":{"line":89,"column":8},"end":{"line":89,"column":51}},"18":{"start":{"line":90,"column":8},"end":{"line":90,"column":25}},"19":{"start":{"line":106,"column":0},"end":{"line":113,"column":3}},"20":{"start":{"line":107,"column":2},"end":{"line":112,"column":4}},"21":{"start":{"line":108,"column":4},"end":{"line":110,"column":5}},"22":{"start":{"line":109,"column":6},"end":{"line":109,"column":22}},"23":{"start":{"line":111,"column":4},"end":{"line":111,"column":30}},"24":{"start":{"line":125,"column":0},"end":{"line":162,"column":2}},"25":{"start":{"line":126,"column":2},"end":{"line":161,"column":4}},"26":{"start":{"line":127,"column":4},"end":{"line":129,"column":5}},"27":{"start":{"line":128,"column":6},"end":{"line":128,"column":22}},"28":{"start":{"line":130,"column":4},"end":{"line":160,"column":6}},"29":{"start":{"line":131,"column":6},"end":{"line":133,"column":7}},"30":{"start":{"line":132,"column":8},"end":{"line":132,"column":25}},"31":{"start":{"line":134,"column":18},"end":{"line":134,"column":82}},"32":{"start":{"line":135,"column":22},"end":{"line":135,"column":24}},"33":{"start":{"line":137,"column":17},"end":{"line":137,"column":45}},"34":{"start":{"line":138,"column":6},"end":{"line":140,"column":7}},"35":{"start":{"line":139,"column":8},"end":{"line":139,"column":16}},"36":{"start":{"line":142,"column":21},"end":{"line":142,"column":53}},"37":{"start":{"line":143,"column":6},"end":{"line":145,"column":7}},"38":{"start":{"line":144,"column":8},"end":{"line":144,"column":27}},"39":{"start":{"line":147,"column":6},"end":{"line":147,"column":63}},"40":{"start":{"line":149,"column":6},"end":{"line":159,"column":8}},"41":{"start":{"line":150,"column":8},"end":{"line":152,"column":9}},"42":{"start":{"line":151,"column":10},"end":{"line":151,"column":27}},"43":{"start":{"line":153,"column":8},"end":{"line":158,"column":10}},"44":{"start":{"line":178,"column":0},"end":{"line":198,"column":2}},"45":{"start":{"line":180,"column":24},"end":{"line":180,"column":41}},"46":{"start":{"line":181,"column":21},"end":{"line":181,"column":23}},"47":{"start":{"line":182,"column":2},"end":{"line":197,"column":4}},"48":{"start":{"line":183,"column":4},"end":{"line":185,"column":5}},"49":{"start":{"line":184,"column":6},"end":{"line":184,"column":22}},"50":{"start":{"line":187,"column":20},"end":{"line":187,"column":38}},"51":{"start":{"line":189,"column":4},"end":{"line":189,"column":38}},"52":{"start":{"line":191,"column":4},"end":{"line":196,"column":6}},"53":{"start":{"line":192,"column":6},"end":{"line":194,"column":7}},"54":{"start":{"line":193,"column":8},"end":{"line":193,"column":24}},"55":{"start":{"line":195,"column":6},"end":{"line":195,"column":37}},"56":{"start":{"line":211,"column":0},"end":{"line":228,"column":2}},"57":{"start":{"line":212,"column":2},"end":{"line":227,"column":4}},"58":{"start":{"line":213,"column":4},"end":{"line":215,"column":5}},"59":{"start":{"line":214,"column":6},"end":{"line":214,"column":22}},"60":{"start":{"line":217,"column":4},"end":{"line":226,"column":5}},"61":{"start":{"line":218,"column":6},"end":{"line":223,"column":8}},"62":{"start":{"line":219,"column":8},"end":{"line":221,"column":9}},"63":{"start":{"line":220,"column":10},"end":{"line":220,"column":26}},"64":{"start":{"line":222,"column":8},"end":{"line":222,"column":41}},"65":{"start":{"line":225,"column":6},"end":{"line":225,"column":62}},"66":{"start":{"line":240,"column":0},"end":{"line":288,"column":2}},"67":{"start":{"line":242,"column":2},"end":{"line":287,"column":4}},"68":{"start":{"line":243,"column":4},"end":{"line":245,"column":5}},"69":{"start":{"line":244,"column":6},"end":{"line":244,"column":22}},"70":{"start":{"line":247,"column":4},"end":{"line":286,"column":5}},"71":{"start":{"line":249,"column":18},"end":{"line":249,"column":26}},"72":{"start":{"line":250,"column":6},"end":{"line":255,"column":7}},"73":{"start":{"line":251,"column":30},"end":{"line":251,"column":53}},"74":{"start":{"line":252,"column":27},"end":{"line":252,"column":29}},"75":{"start":{"line":253,"column":31},"end":{"line":253,"column":75}},"76":{"start":{"line":254,"column":8},"end":{"line":254,"column":39}},"77":{"start":{"line":256,"column":6},"end":{"line":266,"column":8}},"78":{"start":{"line":262,"column":8},"end":{"line":264,"column":9}},"79":{"start":{"line":263,"column":10},"end":{"line":263,"column":27}},"80":{"start":{"line":265,"column":8},"end":{"line":265,"column":41}},"81":{"start":{"line":269,"column":6},"end":{"line":285,"column":8}},"82":{"start":{"line":270,"column":8},"end":{"line":272,"column":9}},"83":{"start":{"line":271,"column":10},"end":{"line":271,"column":26}},"84":{"start":{"line":273,"column":8},"end":{"line":284,"column":9}},"85":{"start":{"line":274,"column":10},"end":{"line":281,"column":12}},"86":{"start":{"line":277,"column":12},"end":{"line":279,"column":13}},"87":{"start":{"line":278,"column":14},"end":{"line":278,"column":31}},"88":{"start":{"line":280,"column":12},"end":{"line":280,"column":46}},"89":{"start":{"line":283,"column":10},"end":{"line":283,"column":66}}},"fnMap":{"0":{"name":"(anonymous_0)","decl":{"start":{"line":17,"column":16},"end":{"line":17,"column":17}},"loc":{"start":{"line":17,"column":42},"end":{"line":94,"column":1}},"line":17},"1":{"name":"(anonymous_1)","decl":{"start":{"line":18,"column":20},"end":{"line":18,"column":21}},"loc":{"start":{"line":18,"column":42},"end":{"line":93,"column":3}},"line":18},"2":{"name":"(anonymous_2)","decl":{"start":{"line":83,"column":7},"end":{"line":83,"column":8}},"loc":{"start":{"line":83,"column":29},"end":{"line":92,"column":5}},"line":83},"3":{"name":"(anonymous_3)","decl":{"start":{"line":87,"column":37},"end":{"line":87,"column":38}},"loc":{"start":{"line":87,"column":45},"end":{"line":91,"column":7}},"line":87},"4":{"name":"(anonymous_4)","decl":{"start":{"line":106,"column":19},"end":{"line":106,"column":20}},"loc":{"start":{"line":106,"column":45},"end":{"line":113,"column":1}},"line":106},"5":{"name":"(anonymous_5)","decl":{"start":{"line":107,"column":44},"end":{"line":107,"column":45}},"loc":{"start":{"line":107,"column":65},"end":{"line":112,"column":3}},"line":107},"6":{"name":"(anonymous_6)","decl":{"start":{"line":125,"column":26},"end":{"line":125,"column":27}},"loc":{"start":{"line":125,"column":52},"end":{"line":162,"column":1}},"line":125},"7":{"name":"(anonymous_7)","decl":{"start":{"line":126,"column":44},"end":{"line":126,"column":45}},"loc":{"start":{"line":126,"column":65},"end":{"line":161,"column":3}},"line":126},"8":{"name":"(anonymous_8)","decl":{"start":{"line":130,"column":48},"end":{"line":130,"column":49}},"loc":{"start":{"line":130,"column":70},"end":{"line":160,"column":5}},"line":130},"9":{"name":"(anonymous_9)","decl":{"start":{"line":149,"column":17},"end":{"line":149,"column":18}},"loc":{"start":{"line":149,"column":40},"end":{"line":159,"column":7}},"line":149},"10":{"name":"(anonymous_10)","decl":{"start":{"line":178,"column":17},"end":{"line":178,"column":18}},"loc":{"start":{"line":178,"column":49},"end":{"line":198,"column":1}},"line":178},"11":{"name":"(anonymous_11)","decl":{"start":{"line":182,"column":41},"end":{"line":182,"column":42}},"loc":{"start":{"line":182,"column":72},"end":{"line":197,"column":3}},"line":182},"12":{"name":"(anonymous_12)","decl":{"start":{"line":191,"column":17},"end":{"line":191,"column":18}},"loc":{"start":{"line":191,"column":43},"end":{"line":196,"column":5}},"line":191},"13":{"name":"(anonymous_13)","decl":{"start":{"line":211,"column":36},"end":{"line":211,"column":37}},"loc":{"start":{"line":211,"column":62},"end":{"line":228,"column":1}},"line":211},"14":{"name":"(anonymous_14)","decl":{"start":{"line":212,"column":44},"end":{"line":212,"column":45}},"loc":{"start":{"line":212,"column":65},"end":{"line":227,"column":3}},"line":212},"15":{"name":"(anonymous_15)","decl":{"start":{"line":218,"column":58},"end":{"line":218,"column":59}},"loc":{"start":{"line":218,"column":86},"end":{"line":223,"column":7}},"line":218},"16":{"name":"(anonymous_16)","decl":{"start":{"line":240,"column":33},"end":{"line":240,"column":34}},"loc":{"start":{"line":240,"column":59},"end":{"line":288,"column":1}},"line":240},"17":{"name":"(anonymous_17)","decl":{"start":{"line":242,"column":45},"end":{"line":242,"column":46}},"loc":{"start":{"line":242,"column":72},"end":{"line":287,"column":3}},"line":242},"18":{"name":"(anonymous_18)","decl":{"start":{"line":261,"column":50},"end":{"line":261,"column":51}},"loc":{"start":{"line":261,"column":78},"end":{"line":266,"column":7}},"line":261},"19":{"name":"(anonymous_19)","decl":{"start":{"line":269,"column":52},"end":{"line":269,"column":53}},"loc":{"start":{"line":269,"column":73},"end":{"line":285,"column":7}},"line":269},"20":{"name":"(anonymous_20)","decl":{"start":{"line":276,"column":54},"end":{"line":276,"column":55}},"loc":{"start":{"line":276,"column":82},"end":{"line":281,"column":11}},"line":276}},"branchMap":{"0":{"loc":{"start":{"line":19,"column":4},"end":{"line":21,"column":5}},"type":"if","locations":[{"start":{"line":19,"column":4},"end":{"line":21,"column":5}},{"start":{},"end":{}}],"line":19},"1":{"loc":{"start":{"line":25,"column":4},"end":{"line":27,"column":5}},"type":"if","locations":[{"start":{"line":25,"column":4},"end":{"line":27,"column":5}},{"start":{},"end":{}}],"line":25},"2":{"loc":{"start":{"line":25,"column":8},"end":{"line":25,"column":31}},"type":"binary-expr","locations":[{"start":{"line":25,"column":8},"end":{"line":25,"column":19}},{"start":{"line":25,"column":23},"end":{"line":25,"column":31}}],"line":25},"3":{"loc":{"start":{"line":30,"column":4},"end":{"line":32,"column":5}},"type":"if","locations":[{"start":{"line":30,"column":4},"end":{"line":32,"column":5}},{"start":{},"end":{}}],"line":30},"4":{"loc":{"start":{"line":30,"column":8},"end":{"line":30,"column":61}},"type":"binary-expr","locations":[{"start":{"line":30,"column":8},"end":{"line":30,"column":23}},{"start":{"line":30,"column":27},"end":{"line":30,"column":39}},{"start":{"line":30,"column":43},"end":{"line":30,"column":61}}],"line":30},"5":{"loc":{"start":{"line":84,"column":6},"end":{"line":86,"column":7}},"type":"if","locations":[{"start":{"line":84,"column":6},"end":{"line":86,"column":7}},{"start":{},"end":{}}],"line":84},"6":{"loc":{"start":{"line":108,"column":4},"end":{"line":110,"column":5}},"type":"if","locations":[{"start":{"line":108,"column":4},"end":{"line":110,"column":5}},{"start":{},"end":{}}],"line":108},"7":{"loc":{"start":{"line":127,"column":4},"end":{"line":129,"column":5}},"type":"if","locations":[{"start":{"line":127,"column":4},"end":{"line":129,"column":5}},{"start":{},"end":{}}],"line":127},"8":{"loc":{"start":{"line":131,"column":6},"end":{"line":133,"column":7}},"type":"if","locations":[{"start":{"line":131,"column":6},"end":{"line":133,"column":7}},{"start":{},"end":{}}],"line":131},"9":{"loc":{"start":{"line":138,"column":6},"end":{"line":140,"column":7}},"type":"if","locations":[{"start":{"line":138,"column":6},"end":{"line":140,"column":7}},{"start":{},"end":{}}],"line":138},"10":{"loc":{"start":{"line":138,"column":10},"end":{"line":138,"column":33}},"type":"binary-expr","locations":[{"start":{"line":138,"column":10},"end":{"line":138,"column":21}},{"start":{"line":138,"column":25},"end":{"line":138,"column":33}}],"line":138},"11":{"loc":{"start":{"line":143,"column":6},"end":{"line":145,"column":7}},"type":"if","locations":[{"start":{"line":143,"column":6},"end":{"line":145,"column":7}},{"start":{},"end":{}}],"line":143},"12":{"loc":{"start":{"line":143,"column":10},"end":{"line":143,"column":63}},"type":"binary-expr","locations":[{"start":{"line":143,"column":10},"end":{"line":143,"column":25}},{"start":{"line":143,"column":29},"end":{"line":143,"column":41}},{"start":{"line":143,"column":45},"end":{"line":143,"column":63}}],"line":143},"13":{"loc":{"start":{"line":150,"column":8},"end":{"line":152,"column":9}},"type":"if","locations":[{"start":{"line":150,"column":8},"end":{"line":152,"column":9}},{"start":{},"end":{}}],"line":150},"14":{"loc":{"start":{"line":183,"column":4},"end":{"line":185,"column":5}},"type":"if","locations":[{"start":{"line":183,"column":4},"end":{"line":185,"column":5}},{"start":{},"end":{}}],"line":183},"15":{"loc":{"start":{"line":192,"column":6},"end":{"line":194,"column":7}},"type":"if","locations":[{"start":{"line":192,"column":6},"end":{"line":194,"column":7}},{"start":{},"end":{}}],"line":192},"16":{"loc":{"start":{"line":213,"column":4},"end":{"line":215,"column":5}},"type":"if","locations":[{"start":{"line":213,"column":4},"end":{"line":215,"column":5}},{"start":{},"end":{}}],"line":213},"17":{"loc":{"start":{"line":217,"column":4},"end":{"line":226,"column":5}},"type":"if","locations":[{"start":{"line":217,"column":4},"end":{"line":226,"column":5}},{"start":{"line":224,"column":11},"end":{"line":226,"column":5}}],"line":217},"18":{"loc":{"start":{"line":219,"column":8},"end":{"line":221,"column":9}},"type":"if","locations":[{"start":{"line":219,"column":8},"end":{"line":221,"column":9}},{"start":{},"end":{}}],"line":219},"19":{"loc":{"start":{"line":243,"column":4},"end":{"line":245,"column":5}},"type":"if","locations":[{"start":{"line":243,"column":4},"end":{"line":245,"column":5}},{"start":{},"end":{}}],"line":243},"20":{"loc":{"start":{"line":247,"column":4},"end":{"line":286,"column":5}},"type":"if","locations":[{"start":{"line":247,"column":4},"end":{"line":286,"column":5}},{"start":{"line":267,"column":11},"end":{"line":286,"column":5}}],"line":247},"21":{"loc":{"start":{"line":250,"column":6},"end":{"line":255,"column":7}},"type":"if","locations":[{"start":{"line":250,"column":6},"end":{"line":255,"column":7}},{"start":{},"end":{}}],"line":250},"22":{"loc":{"start":{"line":251,"column":30},"end":{"line":251,"column":53}},"type":"binary-expr","locations":[{"start":{"line":251,"column":30},"end":{"line":251,"column":47}},{"start":{"line":251,"column":51},"end":{"line":251,"column":53}}],"line":251},"23":{"loc":{"start":{"line":262,"column":8},"end":{"line":264,"column":9}},"type":"if","locations":[{"start":{"line":262,"column":8},"end":{"line":264,"column":9}},{"start":{},"end":{}}],"line":262},"24":{"loc":{"start":{"line":270,"column":8},"end":{"line":272,"column":9}},"type":"if","locations":[{"start":{"line":270,"column":8},"end":{"line":272,"column":9}},{"start":{},"end":{}}],"line":270},"25":{"loc":{"start":{"line":273,"column":8},"end":{"line":284,"column":9}},"type":"if","locations":[{"start":{"line":273,"column":8},"end":{"line":284,"column":9}},{"start":{"line":282,"column":15},"end":{"line":284,"column":9}}],"line":273},"26":{"loc":{"start":{"line":277,"column":12},"end":{"line":279,"column":13}},"type":"if","locations":[{"start":{"line":277,"column":12},"end":{"line":279,"column":13}},{"start":{},"end":{}}],"line":277}},"s":{"0":2,"1":2,"2":1,"3":1,"4":0,"5":1,"6":1,"7":1,"8":1,"9":1,"10":1,"11":1,"12":1,"13":1,"14":0,"15":1,"16":3,"17":3,"18":3,"19":2,"20":2,"21":2,"22":1,"23":1,"24":2,"25":1,"26":1,"27":0,"28":1,"29":1,"30":0,"31":1,"32":1,"33":1,"34":1,"35":1,"36":1,"37":1,"38":1,"39":1,"40":1,"41":1,"42":0,"43":1,"44":2,"45":3,"46":3,"47":3,"48":3,"49":0,"50":3,"51":3,"52":3,"53":3,"54":2,"55":1,"56":2,"57":1,"58":1,"59":0,"60":1,"61":1,"62":1,"63":0,"64":1,"65":0,"66":2,"67":2,"68":2,"69":0,"70":2,"71":1,"72":1,"73":1,"74":1,"75":1,"76":1,"77":1,"78":1,"79":0,"80":1,"81":1,"82":1,"83":0,"84":1,"85":1,"86":1,"87":0,"88":1,"89":0},"f":{"0":1,"1":1,"2":1,"3":3,"4":2,"5":2,"6":1,"7":1,"8":1,"9":1,"10":3,"11":3,"12":3,"13":1,"14":1,"15":1,"16":2,"17":2,"18":1,"19":1,"20":1},"b":{"0":[0,1],"1":[1,0],"2":[1,0],"3":[1,0],"4":[1,0,0],"5":[0,1],"6":[1,1],"7":[0,1],"8":[0,1],"9":[1,0],"10":[1,0],"11":[1,0],"12":[1,0,0],"13":[0,1],"14":[0,3],"15":[2,1],"16":[0,1],"17":[1,0],"18":[0,1],"19":[0,2],"20":[1,1],"21":[1,0],"22":[1,0],"23":[0,1],"24":[0,1],"25":[1,0],"26":[0,1]},"_coverageSchema":"1a1c01bbd47fc00a2c39e90264f33305004495a9","hash":"9e4c32e2d8cda4266b1ecdfe356113deddc9a31e"}
,"C:\\Users\\dvdpi\\Desktop\\ArchiOWeb\\projet-rest-api\\tricks-spotter-api\\spec\\utils.js": {"path":"C:\\Users\\dvdpi\\Desktop\\ArchiOWeb\\projet-rest-api\\tricks-spotter-api\\spec\\utils.js","statementMap":{"0":{"start":{"line":6,"column":31},"end":{"line":12,"column":1}},"1":{"start":{"line":7,"column":4},"end":{"line":11,"column":7}},"2":{"start":{"line":16,"column":16},"end":{"line":16,"column":68}},"3":{"start":{"line":17,"column":19},"end":{"line":17,"column":57}},"4":{"start":{"line":18,"column":4},"end":{"line":25,"column":7}},"5":{"start":{"line":19,"column":8},"end":{"line":24,"column":11}},"6":{"start":{"line":20,"column":12},"end":{"line":22,"column":13}},"7":{"start":{"line":21,"column":16},"end":{"line":21,"column":35}},"8":{"start":{"line":23,"column":12},"end":{"line":23,"column":27}}},"fnMap":{"0":{"name":"(anonymous_0)","decl":{"start":{"line":6,"column":31},"end":{"line":6,"column":32}},"loc":{"start":{"line":6,"column":49},"end":{"line":12,"column":1}},"line":6},"1":{"name":"generateValidJwt","decl":{"start":{"line":14,"column":16},"end":{"line":14,"column":32}},"loc":{"start":{"line":14,"column":39},"end":{"line":26,"column":1}},"line":14},"2":{"name":"(anonymous_2)","decl":{"start":{"line":18,"column":23},"end":{"line":18,"column":24}},"loc":{"start":{"line":18,"column":44},"end":{"line":25,"column":5}},"line":18},"3":{"name":"(anonymous_3)","decl":{"start":{"line":19,"column":49},"end":{"line":19,"column":50}},"loc":{"start":{"line":19,"column":71},"end":{"line":24,"column":9}},"line":19}},"branchMap":{"0":{"loc":{"start":{"line":20,"column":12},"end":{"line":22,"column":13}},"type":"if","locations":[{"start":{"line":20,"column":12},"end":{"line":22,"column":13}},{"start":{},"end":{}}],"line":20}},"s":{"0":2,"1":12,"2":3,"3":3,"4":3,"5":3,"6":3,"7":0,"8":3},"f":{"0":12,"1":3,"2":3,"3":3},"b":{"0":[0,3]},"_coverageSchema":"1a1c01bbd47fc00a2c39e90264f33305004495a9","hash":"0455f6a763312198cfeac7422c689fd0c27b7b60"}
,"C:\\Users\\dvdpi\\Desktop\\ArchiOWeb\\projet-rest-api\\tricks-spotter-api\\utils\\auth.js": {"path":"C:\\Users\\dvdpi\\Desktop\\ArchiOWeb\\projet-rest-api\\tricks-spotter-api\\utils\\auth.js","statementMap":{"0":{"start":{"line":4,"column":0},"end":{"line":4,"column":15}},"1":{"start":{"line":5,"column":18},"end":{"line":5,"column":40}},"2":{"start":{"line":9,"column":26},"end":{"line":9,"column":50}},"3":{"start":{"line":10,"column":4},"end":{"line":12,"column":5}},"4":{"start":{"line":11,"column":8},"end":{"line":11,"column":71}},"5":{"start":{"line":14,"column":18},"end":{"line":14,"column":54}},"6":{"start":{"line":15,"column":4},"end":{"line":17,"column":5}},"7":{"start":{"line":16,"column":8},"end":{"line":16,"column":82}},"8":{"start":{"line":19,"column":18},"end":{"line":19,"column":26}},"9":{"start":{"line":20,"column":4},"end":{"line":27,"column":7}},"10":{"start":{"line":21,"column":8},"end":{"line":26,"column":9}},"11":{"start":{"line":22,"column":12},"end":{"line":22,"column":80}},"12":{"start":{"line":24,"column":12},"end":{"line":24,"column":44}},"13":{"start":{"line":25,"column":12},"end":{"line":25,"column":19}}},"fnMap":{"0":{"name":"authenticate","decl":{"start":{"line":7,"column":9},"end":{"line":7,"column":21}},"loc":{"start":{"line":7,"column":38},"end":{"line":28,"column":1}},"line":7},"1":{"name":"(anonymous_1)","decl":{"start":{"line":20,"column":33},"end":{"line":20,"column":34}},"loc":{"start":{"line":20,"column":57},"end":{"line":27,"column":5}},"line":20}},"branchMap":{"0":{"loc":{"start":{"line":10,"column":4},"end":{"line":12,"column":5}},"type":"if","locations":[{"start":{"line":10,"column":4},"end":{"line":12,"column":5}},{"start":{},"end":{}}],"line":10},"1":{"loc":{"start":{"line":15,"column":4},"end":{"line":17,"column":5}},"type":"if","locations":[{"start":{"line":15,"column":4},"end":{"line":17,"column":5}},{"start":{},"end":{}}],"line":15},"2":{"loc":{"start":{"line":21,"column":8},"end":{"line":26,"column":9}},"type":"if","locations":[{"start":{"line":21,"column":8},"end":{"line":26,"column":9}},{"start":{"line":23,"column":15},"end":{"line":26,"column":9}}],"line":21}},"s":{"0":2,"1":2,"2":3,"3":3,"4":0,"5":3,"6":3,"7":0,"8":3,"9":3,"10":3,"11":0,"12":3,"13":3},"f":{"0":3,"1":3},"b":{"0":[0,3],"1":[0,3],"2":[0,3]},"_coverageSchema":"1a1c01bbd47fc00a2c39e90264f33305004495a9","hash":"c68aef13822f57afdc544d856a2db993d432e6f4"}
}
