TN:
SF:app.js
FN:35,(anonymous_0)
FN:40,(anonymous_1)
FNF:2
FNH:1
FNDA:0,(anonymous_0)
FNDA:3,(anonymous_1)
DA:13,2
DA:15,2
DA:18,2
DA:19,0
DA:21,2
DA:22,2
DA:24,2
DA:25,2
DA:26,2
DA:27,2
DA:28,2
DA:31,2
DA:32,2
DA:35,2
DA:36,0
DA:40,2
DA:42,3
DA:43,3
DA:46,3
DA:47,3
LF:20
LH:18
BRDA:13,0,0,2
BRDA:13,0,1,0
BRDA:18,1,0,0
BRDA:18,1,1,2
BRDA:43,2,0,0
BRDA:43,2,1,3
BRDA:46,3,0,3
BRDA:46,3,1,3
BRF:8
BRH:5
end_of_record
TN:
SF:ws.js
FN:8,createWSServer
FN:15,(anonymous_1)
FN:22,(anonymous_2)
FN:37,(anonymous_3)
FN:44,broadcastMessage
FN:53,onMessageReceived
FNF:6
FNH:0
FNDA:0,createWSServer
FNDA:0,(anonymous_1)
FNDA:0,(anonymous_2)
FNDA:0,(anonymous_3)
FNDA:0,broadcastMessage
FNDA:0,onMessageReceived
DA:4,2
DA:6,2
DA:9,0
DA:10,0
DA:15,0
DA:16,0
DA:19,0
DA:22,0
DA:25,0
DA:26,0
DA:29,0
DA:33,0
DA:37,0
DA:38,0
DA:39,0
DA:45,0
DA:48,0
DA:49,0
DA:54,0
LF:19
LH:2
BRF:0
BRH:0
end_of_record
TN:
SF:model\Spot.js
FN:49,validateGeoJsonCoordinates
FN:53,isLatitude
FN:57,isLongitude
FNF:3
FNH:3
FNDA:1,validateGeoJsonCoordinates
FNDA:1,isLatitude
FNDA:1,isLongitude
DA:4,2
DA:46,2
DA:50,1
DA:54,1
DA:58,1
LF:5
LH:5
BRDA:50,0,0,1
BRDA:50,0,1,1
BRDA:50,0,2,1
BRDA:50,0,3,1
BRDA:50,0,4,1
BRDA:54,1,0,1
BRDA:54,1,1,1
BRDA:58,2,0,1
BRDA:58,2,1,1
BRF:9
BRH:9
end_of_record
TN:
SF:model\Trick.js
FN:35,transformJsonTrick
FNF:1
FNH:1
FNDA:2,transformJsonTrick
DA:4,2
DA:31,2
DA:37,2
DA:38,2
DA:42,2
LF:5
LH:5
BRF:0
BRH:0
end_of_record
TN:
SF:model\User.js
FN:46,transformJsonUser
FNF:1
FNH:1
FNDA:8,transformJsonUser
DA:5,2
DA:40,2
DA:43,2
DA:48,8
DA:49,8
DA:50,8
DA:54,2
LF:7
LH:7
BRF:0
BRH:0
end_of_record
TN:
SF:routes\index.js
FN:4,(anonymous_0)
FNF:1
FNH:0
FNDA:0,(anonymous_0)
DA:2,2
DA:4,2
DA:5,0
LF:3
LH:2
BRF:0
BRH:0
end_of_record
TN:
SF:routes\login.js
FN:28,(anonymous_0)
FN:29,(anonymous_1)
FN:36,(anonymous_2)
FN:45,(anonymous_3)
FNF:4
FNH:4
FNDA:2,(anonymous_0)
FNDA:2,(anonymous_1)
FNDA:2,(anonymous_2)
FNDA:1,(anonymous_3)
DA:5,2
DA:6,2
DA:28,2
DA:29,2
DA:30,2
DA:31,0
DA:32,2
DA:33,0
DA:36,2
DA:37,2
DA:38,0
DA:39,2
DA:40,1
DA:43,1
DA:44,1
DA:45,1
DA:46,1
DA:47,0
DA:49,1
LF:19
LH:15
BRDA:30,0,0,0
BRDA:30,0,1,2
BRDA:32,1,0,0
BRDA:32,1,1,2
BRDA:37,2,0,0
BRDA:37,2,1,2
BRDA:39,3,0,1
BRDA:39,3,1,1
BRDA:46,4,0,0
BRDA:46,4,1,1
BRF:10
BRH:6
end_of_record
TN:
SF:routes\spots.js
FN:18,(anonymous_0)
FN:39,(anonymous_1)
FN:62,(anonymous_2)
FN:63,(anonymous_3)
FN:81,(anonymous_4)
FN:82,(anonymous_5)
FN:86,(anonymous_6)
FN:105,(anonymous_7)
FN:135,(anonymous_8)
FN:136,(anonymous_9)
FN:144,(anonymous_10)
FN:169,(anonymous_11)
FN:170,(anonymous_12)
FN:175,(anonymous_13)
FN:199,(anonymous_14)
FN:200,(anonymous_15)
FN:212,(anonymous_16)
FNF:17
FNH:0
FNDA:0,(anonymous_0)
FNDA:0,(anonymous_1)
FNDA:0,(anonymous_2)
FNDA:0,(anonymous_3)
FNDA:0,(anonymous_4)
FNDA:0,(anonymous_5)
FNDA:0,(anonymous_6)
FNDA:0,(anonymous_7)
FNDA:0,(anonymous_8)
FNDA:0,(anonymous_9)
FNDA:0,(anonymous_10)
FNDA:0,(anonymous_11)
FNDA:0,(anonymous_12)
FNDA:0,(anonymous_13)
FNDA:0,(anonymous_14)
FNDA:0,(anonymous_15)
FNDA:0,(anonymous_16)
DA:7,2
DA:18,2
DA:20,0
DA:21,0
DA:22,0
DA:26,0
DA:27,0
DA:28,0
DA:29,0
DA:32,0
DA:33,0
DA:34,0
DA:37,0
DA:39,0
DA:40,0
DA:41,0
DA:43,0
DA:62,2
DA:63,0
DA:64,0
DA:65,0
DA:67,0
DA:81,2
DA:82,0
DA:83,0
DA:84,0
DA:86,0
DA:87,0
DA:88,0
DA:90,0
DA:91,0
DA:93,0
DA:94,0
DA:95,0
DA:98,0
DA:99,0
DA:100,0
DA:103,0
DA:105,0
DA:106,0
DA:107,0
DA:109,0
DA:135,2
DA:136,0
DA:137,0
DA:138,0
DA:140,0
DA:142,0
DA:144,0
DA:145,0
DA:146,0
DA:148,0
DA:149,0
DA:152,0
DA:169,2
DA:170,0
DA:171,0
DA:172,0
DA:174,0
DA:175,0
DA:176,0
DA:177,0
DA:179,0
DA:182,0
DA:199,2
DA:200,0
DA:201,0
DA:202,0
DA:204,0
DA:205,0
DA:213,0
DA:214,0
DA:216,0
DA:219,0
LF:74
LH:7
BRDA:21,0,0,0
BRDA:21,0,1,0
BRDA:28,1,0,0
BRDA:28,1,1,0
BRDA:28,2,0,0
BRDA:28,2,1,0
BRDA:33,3,0,0
BRDA:33,3,1,0
BRDA:33,4,0,0
BRDA:33,4,1,0
BRDA:33,4,2,0
BRDA:40,5,0,0
BRDA:40,5,1,0
BRDA:64,6,0,0
BRDA:64,6,1,0
BRDA:83,7,0,0
BRDA:83,7,1,0
BRDA:87,8,0,0
BRDA:87,8,1,0
BRDA:94,9,0,0
BRDA:94,9,1,0
BRDA:94,10,0,0
BRDA:94,10,1,0
BRDA:99,11,0,0
BRDA:99,11,1,0
BRDA:99,12,0,0
BRDA:99,12,1,0
BRDA:99,12,2,0
BRDA:106,13,0,0
BRDA:106,13,1,0
BRDA:137,14,0,0
BRDA:137,14,1,0
BRDA:140,15,0,0
BRDA:140,15,1,0
BRDA:145,16,0,0
BRDA:145,16,1,0
BRDA:171,17,0,0
BRDA:171,17,1,0
BRDA:174,18,0,0
BRDA:174,18,1,0
BRDA:176,19,0,0
BRDA:176,19,1,0
BRDA:201,20,0,0
BRDA:201,20,1,0
BRDA:204,21,0,0
BRDA:204,21,1,0
BRDA:213,22,0,0
BRDA:213,22,1,0
BRF:48
BRH:0
end_of_record
TN:
SF:routes\tricks.js
FN:17,(anonymous_0)
FN:18,(anonymous_1)
FN:37,(anonymous_2)
FN:61,(anonymous_3)
FN:62,(anonymous_4)
FN:83,(anonymous_5)
FN:89,(anonymous_6)
FN:95,(anonymous_7)
FN:115,(anonymous_8)
FN:116,(anonymous_9)
FN:122,(anonymous_10)
FN:145,(anonymous_11)
FN:146,(anonymous_12)
FN:155,(anonymous_13)
FNF:14
FNH:0
FNDA:0,(anonymous_0)
FNDA:0,(anonymous_1)
FNDA:0,(anonymous_2)
FNDA:0,(anonymous_3)
FNDA:0,(anonymous_4)
FNDA:0,(anonymous_5)
FNDA:0,(anonymous_6)
FNDA:0,(anonymous_7)
FNDA:0,(anonymous_8)
FNDA:0,(anonymous_9)
FNDA:0,(anonymous_10)
FNDA:0,(anonymous_11)
FNDA:0,(anonymous_12)
FNDA:0,(anonymous_13)
DA:6,2
DA:17,2
DA:18,0
DA:19,0
DA:20,0
DA:22,0
DA:23,0
DA:25,0
DA:26,0
DA:27,0
DA:30,0
DA:31,0
DA:32,0
DA:35,0
DA:37,0
DA:38,0
DA:39,0
DA:41,0
DA:61,2
DA:62,0
DA:63,0
DA:64,0
DA:66,0
DA:83,2
DA:85,0
DA:87,0
DA:89,0
DA:90,0
DA:91,0
DA:93,0
DA:95,0
DA:96,0
DA:97,0
DA:99,0
DA:115,2
DA:116,0
DA:117,0
DA:118,0
DA:121,0
DA:122,0
DA:123,0
DA:124,0
DA:126,0
DA:129,0
DA:145,2
DA:146,0
DA:147,0
DA:148,0
DA:151,0
DA:152,0
DA:156,0
DA:157,0
DA:159,0
DA:162,0
LF:54
LH:6
BRDA:19,0,0,0
BRDA:19,0,1,0
BRDA:26,1,0,0
BRDA:26,1,1,0
BRDA:26,2,0,0
BRDA:26,2,1,0
BRDA:31,3,0,0
BRDA:31,3,1,0
BRDA:31,4,0,0
BRDA:31,4,1,0
BRDA:31,4,2,0
BRDA:38,5,0,0
BRDA:38,5,1,0
BRDA:63,6,0,0
BRDA:63,6,1,0
BRDA:90,7,0,0
BRDA:90,7,1,0
BRDA:96,8,0,0
BRDA:96,8,1,0
BRDA:117,9,0,0
BRDA:117,9,1,0
BRDA:121,10,0,0
BRDA:121,10,1,0
BRDA:123,11,0,0
BRDA:123,11,1,0
BRDA:147,12,0,0
BRDA:147,12,1,0
BRDA:151,13,0,0
BRDA:151,13,1,0
BRDA:156,14,0,0
BRDA:156,14,1,0
BRF:31
BRH:0
end_of_record
TN:
SF:routes\users.js
FN:41,(anonymous_0)
FN:42,(anonymous_1)
FN:107,(anonymous_2)
FN:111,(anonymous_3)
FN:146,(anonymous_4)
FN:147,(anonymous_5)
FN:189,(anonymous_6)
FN:190,(anonymous_7)
FN:194,(anonymous_8)
FN:213,(anonymous_9)
FN:242,(anonymous_10)
FN:246,(anonymous_11)
FN:255,(anonymous_12)
FN:275,(anonymous_13)
FN:276,(anonymous_14)
FN:282,(anonymous_15)
FN:304,(anonymous_16)
FN:306,(anonymous_17)
FN:325,(anonymous_18)
FN:333,(anonymous_19)
FN:340,(anonymous_20)
FNF:21
FNH:21
FNDA:1,(anonymous_0)
FNDA:1,(anonymous_1)
FNDA:1,(anonymous_2)
FNDA:3,(anonymous_3)
FNDA:2,(anonymous_4)
FNDA:2,(anonymous_5)
FNDA:1,(anonymous_6)
FNDA:1,(anonymous_7)
FNDA:1,(anonymous_8)
FNDA:1,(anonymous_9)
FNDA:3,(anonymous_10)
FNDA:3,(anonymous_11)
FNDA:3,(anonymous_12)
FNDA:1,(anonymous_13)
FNDA:1,(anonymous_14)
FNDA:1,(anonymous_15)
FNDA:2,(anonymous_16)
FNDA:2,(anonymous_17)
FNDA:1,(anonymous_18)
FNDA:1,(anonymous_19)
FNDA:1,(anonymous_20)
DA:6,2
DA:41,2
DA:42,1
DA:43,1
DA:44,0
DA:46,1
DA:48,1
DA:49,1
DA:50,1
DA:53,1
DA:54,1
DA:55,1
DA:59,1
DA:108,1
DA:109,0
DA:111,1
DA:112,3
DA:113,3
DA:114,3
DA:146,2
DA:147,2
DA:148,2
DA:149,1
DA:151,1
DA:189,2
DA:190,1
DA:191,1
DA:192,0
DA:194,1
DA:195,1
DA:196,0
DA:198,1
DA:199,1
DA:201,1
DA:202,1
DA:203,1
DA:206,1
DA:207,1
DA:208,1
DA:211,1
DA:213,1
DA:214,1
DA:215,0
DA:217,1
DA:242,2
DA:244,3
DA:245,3
DA:246,3
DA:247,3
DA:248,0
DA:251,3
DA:253,3
DA:255,3
DA:256,3
DA:257,2
DA:259,1
DA:275,2
DA:276,1
DA:277,1
DA:278,0
DA:281,1
DA:282,1
DA:283,1
DA:284,0
DA:286,1
DA:289,0
DA:304,2
DA:306,2
DA:307,2
DA:308,0
DA:311,2
DA:313,1
DA:314,1
DA:315,1
DA:316,1
DA:317,1
DA:318,1
DA:320,1
DA:326,1
DA:327,0
DA:329,1
DA:333,1
DA:334,1
DA:335,0
DA:337,1
DA:338,1
DA:341,1
DA:342,0
DA:344,1
DA:347,0
LF:90
LH:76
BRDA:43,0,0,0
BRDA:43,0,1,1
BRDA:49,1,0,1
BRDA:49,1,1,0
BRDA:49,2,0,1
BRDA:49,2,1,0
BRDA:54,3,0,1
BRDA:54,3,1,0
BRDA:54,4,0,1
BRDA:54,4,1,0
BRDA:54,4,2,0
BRDA:108,5,0,0
BRDA:108,5,1,1
BRDA:148,6,0,1
BRDA:148,6,1,1
BRDA:191,7,0,0
BRDA:191,7,1,1
BRDA:195,8,0,0
BRDA:195,8,1,1
BRDA:202,9,0,1
BRDA:202,9,1,0
BRDA:202,10,0,1
BRDA:202,10,1,0
BRDA:207,11,0,1
BRDA:207,11,1,0
BRDA:207,12,0,1
BRDA:207,12,1,0
BRDA:207,12,2,0
BRDA:214,13,0,0
BRDA:214,13,1,1
BRDA:247,14,0,0
BRDA:247,14,1,3
BRDA:256,15,0,2
BRDA:256,15,1,1
BRDA:277,16,0,0
BRDA:277,16,1,1
BRDA:281,17,0,1
BRDA:281,17,1,0
BRDA:283,18,0,0
BRDA:283,18,1,1
BRDA:307,19,0,0
BRDA:307,19,1,2
BRDA:311,20,0,1
BRDA:311,20,1,1
BRDA:314,21,0,1
BRDA:314,21,1,0
BRDA:315,22,0,1
BRDA:315,22,1,0
BRDA:326,23,0,0
BRDA:326,23,1,1
BRDA:334,24,0,0
BRDA:334,24,1,1
BRDA:337,25,0,1
BRDA:337,25,1,0
BRDA:341,26,0,0
BRDA:341,26,1,1
BRF:56
BRH:30
end_of_record
TN:
SF:spec\utils.js
FN:6,(anonymous_0)
FN:14,generateValidJwt
FN:18,(anonymous_2)
FN:19,(anonymous_3)
FNF:4
FNH:4
FNDA:12,(anonymous_0)
FNDA:3,generateValidJwt
FNDA:3,(anonymous_2)
FNDA:3,(anonymous_3)
DA:6,2
DA:7,12
DA:16,3
DA:17,3
DA:18,3
DA:19,3
DA:20,3
DA:21,0
DA:23,3
LF:9
LH:8
BRDA:20,0,0,0
BRDA:20,0,1,3
BRF:2
BRH:1
end_of_record
TN:
SF:utils\auth.js
FN:7,authenticate
FN:20,(anonymous_1)
FNF:2
FNH:2
FNDA:3,authenticate
FNDA:3,(anonymous_1)
DA:4,2
DA:5,2
DA:9,3
DA:10,3
DA:11,0
DA:14,3
DA:15,3
DA:16,0
DA:19,3
DA:20,3
DA:21,3
DA:22,0
DA:24,3
DA:25,3
LF:14
LH:11
BRDA:10,0,0,0
BRDA:10,0,1,3
BRDA:15,1,0,0
BRDA:15,1,1,3
BRDA:21,2,0,0
BRDA:21,2,1,3
BRF:6
BRH:3
end_of_record
